

*******************************************************************************
Thu May  8 10:19:53 2025


FIT:    data read from 'flow.dat' u 1:2
        format = x:z
        #datapoints = 199
        residuals are weighted equally (unit weight)

function used for fitting: l(x)
	l(x) = x0 + m*x
fitted parameters initialized with current variable values

iter      chisq       delta/lim  lambda   x0            m            
   0 2.8905774500e+07   0.00e+00  8.22e+01    1.000000e+00   1.000000e+00
   4 4.2344192839e+03  -5.36e-01  8.22e-03   -1.758414e+00  -2.259171e+00

After 4 iterations the fit converged.
final sum of squares of residuals : 4234.42
rel. change during last iteration : -5.35862e-06

degrees of freedom    (FIT_NDF)                        : 197
rms of residuals      (FIT_STDFIT) = sqrt(WSSR/ndf)    : 4.63622
variance of residuals (reduced chisquare) = WSSR/ndf   : 21.4945

Final set of parameters            Asymptotic Standard Error
=======================            ==========================
x0              = -1.75841         +/- 0.6648       (37.8%)
m               = -2.25917         +/- 0.005721     (0.2532%)

correlation matrix of the fit parameters:
                x0     m      
x0              1.000 
m              -0.869  1.000 


*******************************************************************************
Thu May  8 10:20:40 2025


FIT:    data read from 'flow.dat' u 1:2
        format = x:z
        #datapoints = 199
        residuals are weighted equally (unit weight)

function used for fitting: l(x)
	l(x) = x0 + m*x
fitted parameters initialized with current variable values

iter      chisq       delta/lim  lambda   x0            m            
   0 4.2344192839e+03   0.00e+00  1.86e+02   -1.758414e+00  -2.259171e+00
   1 4.2344192839e+03   0.00e+00  1.86e+05   -1.758414e+00  -2.259171e+00

After 1 iterations the fit converged.
final sum of squares of residuals : 4234.42
rel. change during last iteration : 0

degrees of freedom    (FIT_NDF)                        : 197
rms of residuals      (FIT_STDFIT) = sqrt(WSSR/ndf)    : 4.63622
variance of residuals (reduced chisquare) = WSSR/ndf   : 21.4945

Final set of parameters            Asymptotic Standard Error
=======================            ==========================
x0              = -1.75841         +/- 0.6648       (37.8%)
m               = -2.25917         +/- 0.005721     (0.2532%)

correlation matrix of the fit parameters:
                x0     m      
x0              1.000 
m              -0.869  1.000 


*******************************************************************************
Thu May  8 10:20:58 2025


FIT:    data read from 'flow.dat' u 1:2
        format = x:z
        #datapoints = 199
        residuals are weighted equally (unit weight)

function used for fitting: l(x)
	l(x) = x0 + m*x
fitted parameters initialized with current variable values

iter      chisq       delta/lim  lambda   x0            m            
   0 2.8905774500e+07   0.00e+00  8.22e+01    1.000000e+00   1.000000e+00
   4 4.2344192839e+03  -5.36e-01  8.22e-03   -1.758414e+00  -2.259171e+00

After 4 iterations the fit converged.
final sum of squares of residuals : 4234.42
rel. change during last iteration : -5.35862e-06

degrees of freedom    (FIT_NDF)                        : 197
rms of residuals      (FIT_STDFIT) = sqrt(WSSR/ndf)    : 4.63622
variance of residuals (reduced chisquare) = WSSR/ndf   : 21.4945

Final set of parameters            Asymptotic Standard Error
=======================            ==========================
x0              = -1.75841         +/- 0.6648       (37.8%)
m               = -2.25917         +/- 0.005721     (0.2532%)

correlation matrix of the fit parameters:
                x0     m      
x0              1.000 
m              -0.869  1.000 
